c:\users\mswenson\desktop\repos\scratch\vector\x64\debug\vector.pch
c:\users\mswenson\desktop\repos\scratch\vector\x64\debug\vc141.pdb
c:\users\mswenson\desktop\repos\scratch\vector\x64\debug\vc141.idb
c:\users\mswenson\desktop\repos\scratch\vector\x64\debug\pch.obj
c:\users\mswenson\desktop\repos\scratch\vector\x64\debug\vector.obj
c:\users\mswenson\desktop\repos\scratch\vector\x64\debug\main.obj
c:\users\mswenson\desktop\repos\scratch\x64\debug\vector.exe
c:\users\mswenson\desktop\repos\scratch\x64\debug\vector.ilk
c:\users\mswenson\desktop\repos\scratch\x64\debug\vector.pdb
c:\users\mswenson\desktop\repos\scratch\vector\x64\debug\vector.obj.enc
c:\users\mswenson\desktop\repos\scratch\vector\x64\debug\vector.tlog\cl.command.1.tlog
c:\users\mswenson\desktop\repos\scratch\vector\x64\debug\vector.tlog\cl.read.1.tlog
c:\users\mswenson\desktop\repos\scratch\vector\x64\debug\vector.tlog\cl.write.1.tlog
c:\users\mswenson\desktop\repos\scratch\vector\x64\debug\vector.tlog\link-cvtres.read.1.tlog
c:\users\mswenson\desktop\repos\scratch\vector\x64\debug\vector.tlog\link-cvtres.write.1.tlog
c:\users\mswenson\desktop\repos\scratch\vector\x64\debug\vector.tlog\link-rc.read.1.tlog
c:\users\mswenson\desktop\repos\scratch\vector\x64\debug\vector.tlog\link-rc.write.1.tlog
c:\users\mswenson\desktop\repos\scratch\vector\x64\debug\vector.tlog\link.14948-cvtres.read.1.tlog
c:\users\mswenson\desktop\repos\scratch\vector\x64\debug\vector.tlog\link.14948-cvtres.write.1.tlog
c:\users\mswenson\desktop\repos\scratch\vector\x64\debug\vector.tlog\link.14948-rc.read.1.tlog
c:\users\mswenson\desktop\repos\scratch\vector\x64\debug\vector.tlog\link.14948-rc.write.1.tlog
c:\users\mswenson\desktop\repos\scratch\vector\x64\debug\vector.tlog\link.14948.read.1.tlog
c:\users\mswenson\desktop\repos\scratch\vector\x64\debug\vector.tlog\link.14948.write.1.tlog
c:\users\mswenson\desktop\repos\scratch\vector\x64\debug\vector.tlog\link.command.1.tlog
c:\users\mswenson\desktop\repos\scratch\vector\x64\debug\vector.tlog\link.read.1.tlog
c:\users\mswenson\desktop\repos\scratch\vector\x64\debug\vector.tlog\link.write.1.tlog
